C:\USERS\GOON\SCHEME\SILVERHAWK-SCHEME-WIN32-1.9.4\SILVERHAWK-SCHEMEVM.BSC
C:\USERS\GOON\SCHEME\SILVERHAWK-SCHEME-WIN32-1.9.4\DEBUG\ADDRESS.SBR
C:\USERS\GOON\SCHEME\SILVERHAWK-SCHEME-WIN32-1.9.4\DEBUG\AREA_ROOTS.SBR
C:\USERS\GOON\SCHEME\SILVERHAWK-SCHEME-WIN32-1.9.4\DEBUG\AREAS.SBR
C:\USERS\GOON\SCHEME\SILVERHAWK-SCHEME-WIN32-1.9.4\DEBUG\BIGNUM.SBR
C:\USERS\GOON\SCHEME\SILVERHAWK-SCHEME-WIN32-1.9.4\DEBUG\CHECK_HEAP.SBR
C:\USERS\GOON\SCHEME\SILVERHAWK-SCHEME-WIN32-1.9.4\DEBUG\DOUBLE_TO_STRING.SBR
C:\USERS\GOON\SCHEME\SILVERHAWK-SCHEME-WIN32-1.9.4\DEBUG\DYNLINK.SBR
C:\USERS\GOON\SCHEME\SILVERHAWK-SCHEME-WIN32-1.9.4\DEBUG\EVENT.SBR
C:\USERS\GOON\SCHEME\SILVERHAWK-SCHEME-WIN32-1.9.4\DEBUG\EXTENSION.SBR
C:\USERS\GOON\SCHEME\SILVERHAWK-SCHEME-WIN32-1.9.4\DEBUG\EXTERNAL-INIT.SBR
C:\USERS\GOON\SCHEME\SILVERHAWK-SCHEME-WIN32-1.9.4\DEBUG\EXTERNAL-LIB.SBR
C:\USERS\GOON\SCHEME\SILVERHAWK-SCHEME-WIN32-1.9.4\DEBUG\EXTERNAL.SBR
C:\USERS\GOON\SCHEME\SILVERHAWK-SCHEME-WIN32-1.9.4\DEBUG\FD-IO.SBR
C:\USERS\GOON\SCHEME\SILVERHAWK-SCHEME-WIN32-1.9.4\DEBUG\FFI.SBR
C:\USERS\GOON\SCHEME\SILVERHAWK-SCHEME-WIN32-1.9.4\DEBUG\FIND_ALL.SBR
C:\USERS\GOON\SCHEME\SILVERHAWK-SCHEME-WIN32-1.9.4\DEBUG\FREE.SBR
C:\USERS\GOON\SCHEME\SILVERHAWK-SCHEME-WIN32-1.9.4\DEBUG\GENERATION_GC.SBR
C:\USERS\GOON\SCHEME\SILVERHAWK-SCHEME-WIN32-1.9.4\DEBUG\GLUE.SBR
C:\USERS\GOON\SCHEME\SILVERHAWK-SCHEME-WIN32-1.9.4\DEBUG\INIT.SBR
C:\USERS\GOON\SCHEME\SILVERHAWK-SCHEME-WIN32-1.9.4\DEBUG\IO.SBR
C:\USERS\GOON\SCHEME\SILVERHAWK-SCHEME-WIN32-1.9.4\DEBUG\IO.OBJ
C:\USERS\GOON\SCHEME\SILVERHAWK-SCHEME-WIN32-1.9.4\DEBUG\INIT.OBJ
C:\USERS\GOON\SCHEME\SILVERHAWK-SCHEME-WIN32-1.9.4\DEBUG\GLUE.OBJ
C:\USERS\GOON\SCHEME\SILVERHAWK-SCHEME-WIN32-1.9.4\DEBUG\GENERATION_GC.OBJ
C:\USERS\GOON\SCHEME\SILVERHAWK-SCHEME-WIN32-1.9.4\DEBUG\FREE.OBJ
C:\USERS\GOON\SCHEME\SILVERHAWK-SCHEME-WIN32-1.9.4\DEBUG\FIND_ALL.OBJ
C:\USERS\GOON\SCHEME\SILVERHAWK-SCHEME-WIN32-1.9.4\DEBUG\FFI.OBJ
C:\USERS\GOON\SCHEME\SILVERHAWK-SCHEME-WIN32-1.9.4\DEBUG\FD-IO.OBJ
C:\USERS\GOON\SCHEME\SILVERHAWK-SCHEME-WIN32-1.9.4\DEBUG\EXTERNAL.OBJ
C:\USERS\GOON\SCHEME\SILVERHAWK-SCHEME-WIN32-1.9.4\DEBUG\EXTERNAL-LIB.OBJ
C:\USERS\GOON\SCHEME\SILVERHAWK-SCHEME-WIN32-1.9.4\DEBUG\EXTERNAL-INIT.OBJ
C:\USERS\GOON\SCHEME\SILVERHAWK-SCHEME-WIN32-1.9.4\DEBUG\EXTENSION.OBJ
C:\USERS\GOON\SCHEME\SILVERHAWK-SCHEME-WIN32-1.9.4\DEBUG\EVENT.OBJ
C:\USERS\GOON\SCHEME\SILVERHAWK-SCHEME-WIN32-1.9.4\DEBUG\DYNLINK.OBJ
C:\USERS\GOON\SCHEME\SILVERHAWK-SCHEME-WIN32-1.9.4\DEBUG\DOUBLE_TO_STRING.OBJ
C:\USERS\GOON\SCHEME\SILVERHAWK-SCHEME-WIN32-1.9.4\DEBUG\CHECK_HEAP.OBJ
C:\USERS\GOON\SCHEME\SILVERHAWK-SCHEME-WIN32-1.9.4\DEBUG\BIGNUM.OBJ
C:\USERS\GOON\SCHEME\SILVERHAWK-SCHEME-WIN32-1.9.4\DEBUG\AREAS.OBJ
C:\USERS\GOON\SCHEME\SILVERHAWK-SCHEME-WIN32-1.9.4\DEBUG\AREA_ROOTS.OBJ
C:\USERS\GOON\SCHEME\SILVERHAWK-SCHEME-WIN32-1.9.4\DEBUG\ADDRESS.OBJ
C:\USERS\GOON\SCHEME\SILVERHAWK-SCHEME-WIN32-1.9.4\DEBUG\MAIN_WIN32.SBR
C:\USERS\GOON\SCHEME\SILVERHAWK-SCHEME-WIN32-1.9.4\DEBUG\MEMORY_MAP.SBR
C:\USERS\GOON\SCHEME\SILVERHAWK-SCHEME-WIN32-1.9.4\DEBUG\MISC.SBR
C:\USERS\GOON\SCHEME\SILVERHAWK-SCHEME-WIN32-1.9.4\DEBUG\NET.SBR
C:\USERS\GOON\SCHEME\SILVERHAWK-SCHEME-WIN32-1.9.4\DEBUG\PAGE_ALLOC.SBR
C:\USERS\GOON\SCHEME\SILVERHAWK-SCHEME-WIN32-1.9.4\DEBUG\REMSET.SBR
C:\USERS\GOON\SCHEME\SILVERHAWK-SCHEME-WIN32-1.9.4\DEBUG\SCHEME48-BIBOP-HEAP-32.SBR
C:\USERS\GOON\SCHEME\SILVERHAWK-SCHEME-WIN32-1.9.4\DEBUG\SCHEME48VM-32.SBR
C:\USERS\GOON\SCHEME\SILVERHAWK-SCHEME-WIN32-1.9.4\DEBUG\SOCKET.SBR
C:\USERS\GOON\SCHEME\SILVERHAWK-SCHEME-WIN32-1.9.4\DEBUG\SYSEXITS.SBR
C:\USERS\GOON\SCHEME\SILVERHAWK-SCHEME-WIN32-1.9.4\DEBUG\TIME.SBR
C:\USERS\GOON\SCHEME\SILVERHAWK-SCHEME-WIN32-1.9.4\DEBUG\UTF-8OF16.SBR
C:\USERS\GOON\SCHEME\SILVERHAWK-SCHEME-WIN32-1.9.4\DEBUG\UTILS.SBR
C:\USERS\GOON\SCHEME\SILVERHAWK-SCHEME-WIN32-1.9.4\DEBUG\UTILS.OBJ
C:\USERS\GOON\SCHEME\SILVERHAWK-SCHEME-WIN32-1.9.4\DEBUG\UTF-8OF16.OBJ
C:\USERS\GOON\SCHEME\SILVERHAWK-SCHEME-WIN32-1.9.4\DEBUG\TIME.OBJ
C:\USERS\GOON\SCHEME\SILVERHAWK-SCHEME-WIN32-1.9.4\DEBUG\SYSEXITS.OBJ
C:\USERS\GOON\SCHEME\SILVERHAWK-SCHEME-WIN32-1.9.4\DEBUG\SOCKET.OBJ
C:\USERS\GOON\SCHEME\SILVERHAWK-SCHEME-WIN32-1.9.4\DEBUG\SCHEME48VM-32.OBJ
C:\USERS\GOON\SCHEME\SILVERHAWK-SCHEME-WIN32-1.9.4\DEBUG\SCHEME48-BIBOP-HEAP-32.OBJ
C:\USERS\GOON\SCHEME\SILVERHAWK-SCHEME-WIN32-1.9.4\DEBUG\REMSET.OBJ
C:\USERS\GOON\SCHEME\SILVERHAWK-SCHEME-WIN32-1.9.4\DEBUG\PAGE_ALLOC.OBJ
C:\USERS\GOON\SCHEME\SILVERHAWK-SCHEME-WIN32-1.9.4\DEBUG\NET.OBJ
C:\USERS\GOON\SCHEME\SILVERHAWK-SCHEME-WIN32-1.9.4\DEBUG\MISC.OBJ
C:\USERS\GOON\SCHEME\SILVERHAWK-SCHEME-WIN32-1.9.4\DEBUG\MEMORY_MAP.OBJ
C:\USERS\GOON\SCHEME\SILVERHAWK-SCHEME-WIN32-1.9.4\DEBUG\MAIN_WIN32.OBJ
C:\USERS\GOON\SCHEME\SILVERHAWK-SCHEME-WIN32-1.9.4\DEBUG\VC110.PDB
C:\USERS\GOON\SCHEME\SILVERHAWK-SCHEME-WIN32-1.9.4\SILVERHAWK-SCHEMEVM.EXE
C:\USERS\GOON\SCHEME\SILVERHAWK-SCHEME-WIN32-1.9.4\DEBUG\SCHEME48VM.PDB
C:\USERS\GOON\SCHEME\SILVERHAWK-SCHEME-WIN32-1.9.4\SCHEME48.RES
C:\Users\goon\scheme\silverhawk-scheme-win32-1.9.4\silverhawk-schemevm.lib
C:\Users\goon\scheme\silverhawk-scheme-win32-1.9.4\silverhawk-schemevm.exp
C:\Users\goon\scheme\silverhawk-scheme-win32-1.9.4\Debug\address.obj
C:\Users\goon\scheme\silverhawk-scheme-win32-1.9.4\Debug\areas.obj
C:\Users\goon\scheme\silverhawk-scheme-win32-1.9.4\Debug\area_roots.obj
C:\Users\goon\scheme\silverhawk-scheme-win32-1.9.4\Debug\bignum.obj
C:\Users\goon\scheme\silverhawk-scheme-win32-1.9.4\Debug\check_heap.obj
C:\Users\goon\scheme\silverhawk-scheme-win32-1.9.4\Debug\double_to_string.obj
C:\Users\goon\scheme\silverhawk-scheme-win32-1.9.4\Debug\dynlink.obj
C:\Users\goon\scheme\silverhawk-scheme-win32-1.9.4\Debug\event.obj
C:\Users\goon\scheme\silverhawk-scheme-win32-1.9.4\Debug\extension.obj
C:\Users\goon\scheme\silverhawk-scheme-win32-1.9.4\Debug\external-init.obj
C:\Users\goon\scheme\silverhawk-scheme-win32-1.9.4\Debug\external-lib.obj
C:\Users\goon\scheme\silverhawk-scheme-win32-1.9.4\Debug\external.obj
C:\Users\goon\scheme\silverhawk-scheme-win32-1.9.4\Debug\fd-io.obj
C:\Users\goon\scheme\silverhawk-scheme-win32-1.9.4\Debug\ffi.obj
C:\Users\goon\scheme\silverhawk-scheme-win32-1.9.4\Debug\find_all.obj
C:\Users\goon\scheme\silverhawk-scheme-win32-1.9.4\Debug\free.obj
C:\Users\goon\scheme\silverhawk-scheme-win32-1.9.4\Debug\generation_gc.obj
C:\Users\goon\scheme\silverhawk-scheme-win32-1.9.4\Debug\glue.obj
C:\Users\goon\scheme\silverhawk-scheme-win32-1.9.4\Debug\init.obj
C:\Users\goon\scheme\silverhawk-scheme-win32-1.9.4\Debug\io.obj
C:\Users\goon\scheme\silverhawk-scheme-win32-1.9.4\Debug\main_win32.obj
C:\Users\goon\scheme\silverhawk-scheme-win32-1.9.4\Debug\memory_map.obj
C:\Users\goon\scheme\silverhawk-scheme-win32-1.9.4\Debug\misc.obj
C:\Users\goon\scheme\silverhawk-scheme-win32-1.9.4\Debug\net.obj
C:\Users\goon\scheme\silverhawk-scheme-win32-1.9.4\Debug\page_alloc.obj
C:\Users\goon\scheme\silverhawk-scheme-win32-1.9.4\Debug\remset.obj
C:\Users\goon\scheme\silverhawk-scheme-win32-1.9.4\Debug\scheme48-bibop-heap-32.obj
C:\Users\goon\scheme\silverhawk-scheme-win32-1.9.4\Debug\scheme48vm-32.obj
C:\Users\goon\scheme\silverhawk-scheme-win32-1.9.4\Debug\socket.obj
C:\Users\goon\scheme\silverhawk-scheme-win32-1.9.4\Debug\sysexits.obj
C:\Users\goon\scheme\silverhawk-scheme-win32-1.9.4\Debug\time.obj
C:\Users\goon\scheme\silverhawk-scheme-win32-1.9.4\Debug\utf-8of16.obj
C:\Users\goon\scheme\silverhawk-scheme-win32-1.9.4\Debug\utils.obj
C:\Users\goon\scheme\silverhawk-scheme-win32-1.9.4\Debug\BscMake.command.1.tlog
C:\Users\goon\scheme\silverhawk-scheme-win32-1.9.4\Debug\bscmake.read.1.tlog
C:\Users\goon\scheme\silverhawk-scheme-win32-1.9.4\Debug\bscmake.write.1.tlog
C:\Users\goon\scheme\silverhawk-scheme-win32-1.9.4\Debug\cl.command.1.tlog
C:\Users\goon\scheme\silverhawk-scheme-win32-1.9.4\Debug\CL.read.1.tlog
C:\Users\goon\scheme\silverhawk-scheme-win32-1.9.4\Debug\CL.write.1.tlog
C:\Users\goon\scheme\silverhawk-scheme-win32-1.9.4\Debug\link-cvtres.read.1.tlog
C:\Users\goon\scheme\silverhawk-scheme-win32-1.9.4\Debug\link-cvtres.write.1.tlog
C:\Users\goon\scheme\silverhawk-scheme-win32-1.9.4\Debug\link-rc.read.1.tlog
C:\Users\goon\scheme\silverhawk-scheme-win32-1.9.4\Debug\link-rc.write.1.tlog
C:\Users\goon\scheme\silverhawk-scheme-win32-1.9.4\Debug\link.command.1.tlog
C:\Users\goon\scheme\silverhawk-scheme-win32-1.9.4\Debug\link.read.1.tlog
C:\Users\goon\scheme\silverhawk-scheme-win32-1.9.4\Debug\link.write.1.tlog
C:\Users\goon\scheme\silverhawk-scheme-win32-1.9.4\Debug\rc.command.1.tlog
C:\Users\goon\scheme\silverhawk-scheme-win32-1.9.4\Debug\rc.read.1.tlog
C:\Users\goon\scheme\silverhawk-scheme-win32-1.9.4\Debug\rc.write.1.tlog
C:\Users\goon\scheme\silverhawk-scheme-win32-1.9.4\Debug\silverhawk-scheme.write.1.tlog
C:\Users\goon\scheme\silverhawk-scheme-win32-1.9.4\Debug\vc110.idb
C:\Users\goon\scheme\silverhawk-scheme-win32-1.9.4\Debug\scheme48vm.pdb
C:\Users\goon\scheme\silverhawk-scheme-win32-1.9.4\Debug\vc110.pdb
C:\Users\goon\scheme\silverhawk-scheme-win32-1.9.4\Debug\address.sbr
C:\Users\goon\scheme\silverhawk-scheme-win32-1.9.4\Debug\areas.sbr
C:\Users\goon\scheme\silverhawk-scheme-win32-1.9.4\Debug\area_roots.sbr
C:\Users\goon\scheme\silverhawk-scheme-win32-1.9.4\Debug\bignum.sbr
C:\Users\goon\scheme\silverhawk-scheme-win32-1.9.4\Debug\check_heap.sbr
C:\Users\goon\scheme\silverhawk-scheme-win32-1.9.4\Debug\double_to_string.sbr
C:\Users\goon\scheme\silverhawk-scheme-win32-1.9.4\Debug\dynlink.sbr
C:\Users\goon\scheme\silverhawk-scheme-win32-1.9.4\Debug\event.sbr
C:\Users\goon\scheme\silverhawk-scheme-win32-1.9.4\Debug\extension.sbr
C:\Users\goon\scheme\silverhawk-scheme-win32-1.9.4\Debug\external-init.sbr
C:\Users\goon\scheme\silverhawk-scheme-win32-1.9.4\Debug\external-lib.sbr
C:\Users\goon\scheme\silverhawk-scheme-win32-1.9.4\Debug\external.sbr
C:\Users\goon\scheme\silverhawk-scheme-win32-1.9.4\Debug\fd-io.sbr
C:\Users\goon\scheme\silverhawk-scheme-win32-1.9.4\Debug\ffi.sbr
C:\Users\goon\scheme\silverhawk-scheme-win32-1.9.4\Debug\find_all.sbr
C:\Users\goon\scheme\silverhawk-scheme-win32-1.9.4\Debug\free.sbr
C:\Users\goon\scheme\silverhawk-scheme-win32-1.9.4\Debug\generation_gc.sbr
C:\Users\goon\scheme\silverhawk-scheme-win32-1.9.4\Debug\glue.sbr
C:\Users\goon\scheme\silverhawk-scheme-win32-1.9.4\Debug\init.sbr
C:\Users\goon\scheme\silverhawk-scheme-win32-1.9.4\Debug\io.sbr
C:\Users\goon\scheme\silverhawk-scheme-win32-1.9.4\Debug\main_win32.sbr
C:\Users\goon\scheme\silverhawk-scheme-win32-1.9.4\Debug\memory_map.sbr
C:\Users\goon\scheme\silverhawk-scheme-win32-1.9.4\Debug\misc.sbr
C:\Users\goon\scheme\silverhawk-scheme-win32-1.9.4\Debug\net.sbr
C:\Users\goon\scheme\silverhawk-scheme-win32-1.9.4\Debug\page_alloc.sbr
C:\Users\goon\scheme\silverhawk-scheme-win32-1.9.4\Debug\remset.sbr
C:\Users\goon\scheme\silverhawk-scheme-win32-1.9.4\Debug\scheme48-bibop-heap-32.sbr
C:\Users\goon\scheme\silverhawk-scheme-win32-1.9.4\Debug\scheme48vm-32.sbr
C:\Users\goon\scheme\silverhawk-scheme-win32-1.9.4\Debug\socket.sbr
C:\Users\goon\scheme\silverhawk-scheme-win32-1.9.4\Debug\sysexits.sbr
C:\Users\goon\scheme\silverhawk-scheme-win32-1.9.4\Debug\time.sbr
C:\Users\goon\scheme\silverhawk-scheme-win32-1.9.4\Debug\utf-8of16.sbr
C:\Users\goon\scheme\silverhawk-scheme-win32-1.9.4\Debug\utils.sbr
C:\Users\goon\scheme\silverhawk-scheme-win32-1.9.4\silverhawk-schemevm.exe
C:\Users\goon\scheme\silverhawk-scheme-win32-1.9.4\silverhawk-schemevm.bsc
