This file contains any messages produced by compilers while
running configure, to aid debugging if configure makes a mistake.

It was created by configure, which was
generated by GNU Autoconf 2.69.  Invocation command line was

  $ ./configure --prefix=/home/johan/silverhawk-scheme

## --------- ##
## Platform. ##
## --------- ##

hostname = yellowcouch.org
uname -m = i686
uname -r = 3.2.0-4-686-pae
uname -s = Linux
uname -v = #1 SMP Debian 3.2.54-2

/usr/bin/uname -p = unknown
/bin/uname -X     = unknown

/bin/arch              = unknown
/usr/bin/arch -k       = unknown
/usr/convex/getsysinfo = unknown
/usr/bin/hostinfo      = unknown
/bin/machine           = unknown
/usr/bin/oslevel       = unknown
/bin/universe          = unknown

PATH: /home/johan/bin
PATH: /home/johan/sony/psvita/bin
PATH: /home/johan/ppc64/bin
PATH: /home/johan/palm/bin
PATH: /home/johan/arm/bin
PATH: /home/johan/65/bin
PATH: /home/johan/scheme/bin
PATH: /home/johan/scheme-mud/bin
PATH: /home/johan/lisp/bin
PATH: /home/johan/bin
PATH: /usr/local/bin
PATH: /usr/bin
PATH: /bin
PATH: /usr/local/games
PATH: /usr/games
PATH: /home/johan/arduino/bin


## ----------- ##
## Core tests. ##
## ----------- ##

configure:2336: checking build system type
configure:2350: result: i686-pc-linux-gnu
configure:2370: checking host system type
configure:2383: result: i686-pc-linux-gnu
configure:2451: checking for gcc
configure:2467: found /usr/bin/gcc
configure:2478: result: gcc
configure:2707: checking for C compiler version
configure:2716: gcc --version >&5
gcc (Debian 4.7.2-5) 4.7.2
Copyright (C) 2012 Free Software Foundation, Inc.
This is free software; see the source for copying conditions.  There is NO
warranty; not even for MERCHANTABILITY or FITNESS FOR A PARTICULAR PURPOSE.

configure:2727: $? = 0
configure:2716: gcc -v >&5
Using built-in specs.
COLLECT_GCC=gcc
COLLECT_LTO_WRAPPER=/usr/lib/gcc/i486-linux-gnu/4.7/lto-wrapper
Target: i486-linux-gnu
Configured with: ../src/configure -v --with-pkgversion='Debian 4.7.2-5' --with-bugurl=file:///usr/share/doc/gcc-4.7/README.Bugs --enable-languages=c,c++,go,fortran,objc,obj-c++ --prefix=/usr --program-suffix=-4.7 --enable-shared --enable-linker-build-id --with-system-zlib --libexecdir=/usr/lib --without-included-gettext --enable-threads=posix --with-gxx-include-dir=/usr/include/c++/4.7 --libdir=/usr/lib --enable-nls --with-sysroot=/ --enable-clocale=gnu --enable-libstdcxx-debug --enable-libstdcxx-time=yes --enable-gnu-unique-object --enable-plugin --enable-objc-gc --enable-targets=all --with-arch-32=i586 --with-tune=generic --enable-checking=release --build=i486-linux-gnu --host=i486-linux-gnu --target=i486-linux-gnu
Thread model: posix
gcc version 4.7.2 (Debian 4.7.2-5) 
configure:2727: $? = 0
configure:2716: gcc -V >&5
gcc: error: unrecognized command line option '-V'
gcc: fatal error: no input files
compilation terminated.
configure:2727: $? = 4
configure:2716: gcc -qversion >&5
gcc: error: unrecognized command line option '-qversion'
gcc: fatal error: no input files
compilation terminated.
configure:2727: $? = 4
configure:2747: checking whether the C compiler works
configure:2769: gcc    conftest.c  >&5
configure:2773: $? = 0
configure:2821: result: yes
configure:2824: checking for C compiler default output file name
configure:2826: result: a.out
configure:2832: checking for suffix of executables
configure:2839: gcc -o conftest    conftest.c  >&5
configure:2843: $? = 0
configure:2865: result: 
configure:2887: checking whether we are cross compiling
configure:2895: gcc -o conftest    conftest.c  >&5
configure:2899: $? = 0
configure:2906: ./conftest
configure:2910: $? = 0
configure:2925: result: no
configure:2930: checking for suffix of object files
configure:2952: gcc -c   conftest.c >&5
configure:2956: $? = 0
configure:2977: result: o
configure:2981: checking whether we are using the GNU C compiler
configure:3000: gcc -c   conftest.c >&5
configure:3000: $? = 0
configure:3009: result: yes
configure:3018: checking whether gcc accepts -g
configure:3038: gcc -c -g  conftest.c >&5
configure:3038: $? = 0
configure:3079: result: yes
configure:3096: checking for gcc option to accept ISO C89
configure:3159: gcc  -c -g -O2  conftest.c >&5
configure:3159: $? = 0
configure:3172: result: none needed
configure:3200: gcc -o conftest -g -O2   conftest.c  >&5
configure:3200: $? = 0
configure:3200: ./conftest
configure:3200: $? = 0
configure:3278: checking whether we must build a 32bit binary
configure:3306: result: no
configure:3310: checking bits per byte
configure:3336: gcc -o conftest -g -O2   conftest.c  >&5
configure:3336: $? = 0
configure:3336: ./conftest
configure:3336: $? = 0
configure:3350: result: 8
configure:3358: checking size of void *
configure:3378: gcc -o conftest -g -O2   conftest.c  >&5
configure:3378: $? = 0
configure:3378: ./conftest
configure:3378: $? = 0
configure:3392: result: 4
configure:3400: checking for BIT_SUFFIX
configure:3407: result: 32
configure:3416: checking whether we are building a Universal Binary
configure:3439: result: no
configure:3770: checking how to compile position independent code
configure:3793: result: -fPIC
configure:3805: checking -rdynamic
configure:3818: gcc -o conftest -g -O2   -rdynamic conftest.c  >&5
configure:3818: $? = 0
configure:3818: ./conftest
configure:3818: $? = 0
configure:3819: result: yes
configure:3830: checking LDFLAGS_VM
configure:3844: result: 
configure:3848: checking for library containing strerror
configure:3879: gcc -o conftest -g -O2   -rdynamic conftest.c  >&5
configure:3879: $? = 0
configure:3896: result: none required
configure:3911: checking for special C compiler options needed for large files
configure:3956: result: no
configure:3962: checking for _FILE_OFFSET_BITS value needed for large files
configure:3987: gcc -c -g -O2  conftest.c >&5
conftest.c:19:3: warning: left shift count >= width of type [enabled by default]
conftest.c:19:3: warning: left shift count >= width of type [enabled by default]
conftest.c:20:10: warning: left shift count >= width of type [enabled by default]
conftest.c:20:10: warning: left shift count >= width of type [enabled by default]
conftest.c:19:7: error: variably modified 'off_t_is_large' at file scope
configure:3987: $? = 1
configure: failed program was:
| /* confdefs.h */
| #define PACKAGE_NAME ""
| #define PACKAGE_TARNAME ""
| #define PACKAGE_VERSION ""
| #define PACKAGE_STRING ""
| #define PACKAGE_BUGREPORT ""
| #define PACKAGE_URL ""
| #define S48_GC_BIBOP 1
| #define BITS_PER_BYTE 8
| #define SIZEOF_VOID_P 4
| #define WORDSIZE 32
| /* end confdefs.h.  */
| #include <sys/types.h>
|  /* Check that off_t can represent 2**63 - 1 correctly.
|     We can't simply define LARGE_OFF_T to be 9223372036854775807,
|     since some C++ compilers masquerading as C compilers
|     incorrectly reject 9223372036854775807.  */
| #define LARGE_OFF_T (((off_t) 1 << 62) - 1 + ((off_t) 1 << 62))
|   int off_t_is_large[(LARGE_OFF_T % 2147483629 == 721
| 		       && LARGE_OFF_T % 2147483647 == 1)
| 		      ? 1 : -1];
| int
| main ()
| {
| 
|   ;
|   return 0;
| }
configure:4011: gcc -c -g -O2  conftest.c >&5
configure:4011: $? = 0
configure:4019: result: 64
configure:4104: checking for inline keyword
configure:4115: gcc -c -g -O2  conftest.c >&5
configure:4115: $? = 0
configure:4116: result: yes
configure:4141: checking for a BSD-compatible install
configure:4209: result: /usr/bin/install -c
configure:4220: checking for main in -lm
configure:4239: gcc -o conftest -g -O2   -rdynamic conftest.c -lm   >&5
configure:4239: $? = 0
configure:4248: result: yes
configure:4259: checking for main in -ldl
configure:4278: gcc -o conftest -g -O2   -rdynamic conftest.c -ldl  -lm  >&5
configure:4278: $? = 0
configure:4287: result: yes
configure:4298: checking for main in -lmld
configure:4317: gcc -o conftest -g -O2   -rdynamic conftest.c -lmld  -ldl -lm  >&5
/usr/bin/ld: cannot find -lmld
collect2: error: ld returned 1 exit status
configure:4317: $? = 1
configure: failed program was:
| /* confdefs.h */
| #define PACKAGE_NAME ""
| #define PACKAGE_TARNAME ""
| #define PACKAGE_VERSION ""
| #define PACKAGE_STRING ""
| #define PACKAGE_BUGREPORT ""
| #define PACKAGE_URL ""
| #define S48_GC_BIBOP 1
| #define BITS_PER_BYTE 8
| #define SIZEOF_VOID_P 4
| #define WORDSIZE 32
| #define _FILE_OFFSET_BITS 64
| #define HAVE_INLINE 1
| #define HAVE_LIBM 1
| #define HAVE_LIBDL 1
| /* end confdefs.h.  */
| 
| 
| int
| main ()
| {
| return main ();
|   ;
|   return 0;
| }
configure:4326: result: no
configure:4337: checking for main in -lnsl
configure:4356: gcc -o conftest -g -O2   -rdynamic conftest.c -lnsl  -ldl -lm  >&5
configure:4356: $? = 0
configure:4365: result: yes
configure:4376: checking for main in -lgen
configure:4395: gcc -o conftest -g -O2   -rdynamic conftest.c -lgen  -lnsl -ldl -lm  >&5
/usr/bin/ld: cannot find -lgen
collect2: error: ld returned 1 exit status
configure:4395: $? = 1
configure: failed program was:
| /* confdefs.h */
| #define PACKAGE_NAME ""
| #define PACKAGE_TARNAME ""
| #define PACKAGE_VERSION ""
| #define PACKAGE_STRING ""
| #define PACKAGE_BUGREPORT ""
| #define PACKAGE_URL ""
| #define S48_GC_BIBOP 1
| #define BITS_PER_BYTE 8
| #define SIZEOF_VOID_P 4
| #define WORDSIZE 32
| #define _FILE_OFFSET_BITS 64
| #define HAVE_INLINE 1
| #define HAVE_LIBM 1
| #define HAVE_LIBDL 1
| #define HAVE_LIBNSL 1
| /* end confdefs.h.  */
| 
| 
| int
| main ()
| {
| return main ();
|   ;
|   return 0;
| }
configure:4404: result: no
configure:4415: checking for main in -lsocket
configure:4434: gcc -o conftest -g -O2   -rdynamic conftest.c -lsocket  -lnsl -ldl -lm  >&5
/usr/bin/ld: cannot find -lsocket
collect2: error: ld returned 1 exit status
configure:4434: $? = 1
configure: failed program was:
| /* confdefs.h */
| #define PACKAGE_NAME ""
| #define PACKAGE_TARNAME ""
| #define PACKAGE_VERSION ""
| #define PACKAGE_STRING ""
| #define PACKAGE_BUGREPORT ""
| #define PACKAGE_URL ""
| #define S48_GC_BIBOP 1
| #define BITS_PER_BYTE 8
| #define SIZEOF_VOID_P 4
| #define WORDSIZE 32
| #define _FILE_OFFSET_BITS 64
| #define HAVE_INLINE 1
| #define HAVE_LIBM 1
| #define HAVE_LIBDL 1
| #define HAVE_LIBNSL 1
| /* end confdefs.h.  */
| 
| 
| int
| main ()
| {
| return main ();
|   ;
|   return 0;
| }
configure:4443: result: no
configure:4454: checking for getpwnam in -lsun
configure:4479: gcc -o conftest -g -O2   -rdynamic conftest.c -lsun  -lnsl -ldl -lm  >&5
/usr/bin/ld: cannot find -lsun
collect2: error: ld returned 1 exit status
configure:4479: $? = 1
configure: failed program was:
| /* confdefs.h */
| #define PACKAGE_NAME ""
| #define PACKAGE_TARNAME ""
| #define PACKAGE_VERSION ""
| #define PACKAGE_STRING ""
| #define PACKAGE_BUGREPORT ""
| #define PACKAGE_URL ""
| #define S48_GC_BIBOP 1
| #define BITS_PER_BYTE 8
| #define SIZEOF_VOID_P 4
| #define WORDSIZE 32
| #define _FILE_OFFSET_BITS 64
| #define HAVE_INLINE 1
| #define HAVE_LIBM 1
| #define HAVE_LIBDL 1
| #define HAVE_LIBNSL 1
| /* end confdefs.h.  */
| 
| /* Override any GCC internal prototype to avoid an error.
|    Use char because int might match the return type of a GCC
|    builtin and then its argument prototype would still apply.  */
| #ifdef __cplusplus
| extern "C"
| #endif
| char getpwnam ();
| int
| main ()
| {
| return getpwnam ();
|   ;
|   return 0;
| }
configure:4488: result: no
configure:4504: checking for struct tm.tm_gmtoff
configure:4504: gcc -c -g -O2  conftest.c >&5
configure:4504: $? = 0
configure:4504: result: yes
configure:4513: checking for an ANSI C-conforming const
configure:4579: gcc -c -g -O2  conftest.c >&5
configure:4579: $? = 0
configure:4586: result: yes
configure:4594: checking for socklen_t
configure:4610: gcc -c -g -O2  conftest.c >&5
configure:4610: $? = 0
configure:4611: result: yes
configure:4644: checking return type of signal handlers
configure:4662: gcc -c -g -O2  conftest.c >&5
conftest.c: In function 'main':
conftest.c:25:1: error: void value not ignored as it ought to be
configure:4662: $? = 1
configure: failed program was:
| /* confdefs.h */
| #define PACKAGE_NAME ""
| #define PACKAGE_TARNAME ""
| #define PACKAGE_VERSION ""
| #define PACKAGE_STRING ""
| #define PACKAGE_BUGREPORT ""
| #define PACKAGE_URL ""
| #define S48_GC_BIBOP 1
| #define BITS_PER_BYTE 8
| #define SIZEOF_VOID_P 4
| #define WORDSIZE 32
| #define _FILE_OFFSET_BITS 64
| #define HAVE_INLINE 1
| #define HAVE_LIBM 1
| #define HAVE_LIBDL 1
| #define HAVE_LIBNSL 1
| #define HAVE_TM_GMTOFF 1
| /* end confdefs.h.  */
| #include <sys/types.h>
| #include <signal.h>
| 
| int
| main ()
| {
| return *(signal (0, 0)) (0) == 1;
|   ;
|   return 0;
| }
configure:4669: result: void
configure:4682: checking how to run the C preprocessor
configure:4713: gcc -E  conftest.c
configure:4713: $? = 0
configure:4727: gcc -E  conftest.c
conftest.c:20:28: fatal error: ac_nonexistent.h: No such file or directory
compilation terminated.
configure:4727: $? = 1
configure: failed program was:
| /* confdefs.h */
| #define PACKAGE_NAME ""
| #define PACKAGE_TARNAME ""
| #define PACKAGE_VERSION ""
| #define PACKAGE_STRING ""
| #define PACKAGE_BUGREPORT ""
| #define PACKAGE_URL ""
| #define S48_GC_BIBOP 1
| #define BITS_PER_BYTE 8
| #define SIZEOF_VOID_P 4
| #define WORDSIZE 32
| #define _FILE_OFFSET_BITS 64
| #define HAVE_INLINE 1
| #define HAVE_LIBM 1
| #define HAVE_LIBDL 1
| #define HAVE_LIBNSL 1
| #define HAVE_TM_GMTOFF 1
| #define RETSIGTYPE void
| /* end confdefs.h.  */
| #include <ac_nonexistent.h>
configure:4752: result: gcc -E
configure:4772: gcc -E  conftest.c
configure:4772: $? = 0
configure:4786: gcc -E  conftest.c
conftest.c:20:28: fatal error: ac_nonexistent.h: No such file or directory
compilation terminated.
configure:4786: $? = 1
configure: failed program was:
| /* confdefs.h */
| #define PACKAGE_NAME ""
| #define PACKAGE_TARNAME ""
| #define PACKAGE_VERSION ""
| #define PACKAGE_STRING ""
| #define PACKAGE_BUGREPORT ""
| #define PACKAGE_URL ""
| #define S48_GC_BIBOP 1
| #define BITS_PER_BYTE 8
| #define SIZEOF_VOID_P 4
| #define WORDSIZE 32
| #define _FILE_OFFSET_BITS 64
| #define HAVE_INLINE 1
| #define HAVE_LIBM 1
| #define HAVE_LIBDL 1
| #define HAVE_LIBNSL 1
| #define HAVE_TM_GMTOFF 1
| #define RETSIGTYPE void
| /* end confdefs.h.  */
| #include <ac_nonexistent.h>
configure:4815: checking for grep that handles long lines and -e
configure:4873: result: /bin/grep
configure:4878: checking for egrep
configure:4940: result: /bin/grep -E
configure:4945: checking for ANSI C header files
configure:4965: gcc -c -g -O2  conftest.c >&5
configure:4965: $? = 0
configure:5038: gcc -o conftest -g -O2   -rdynamic conftest.c -lnsl -ldl -lm  >&5
configure:5038: $? = 0
configure:5038: ./conftest
configure:5038: $? = 0
configure:5049: result: yes
configure:5062: checking for sys/types.h
configure:5062: gcc -c -g -O2  conftest.c >&5
configure:5062: $? = 0
configure:5062: result: yes
configure:5062: checking for sys/stat.h
configure:5062: gcc -c -g -O2  conftest.c >&5
configure:5062: $? = 0
configure:5062: result: yes
configure:5062: checking for stdlib.h
configure:5062: gcc -c -g -O2  conftest.c >&5
configure:5062: $? = 0
configure:5062: result: yes
configure:5062: checking for string.h
configure:5062: gcc -c -g -O2  conftest.c >&5
configure:5062: $? = 0
configure:5062: result: yes
configure:5062: checking for memory.h
configure:5062: gcc -c -g -O2  conftest.c >&5
configure:5062: $? = 0
configure:5062: result: yes
configure:5062: checking for strings.h
configure:5062: gcc -c -g -O2  conftest.c >&5
configure:5062: $? = 0
configure:5062: result: yes
configure:5062: checking for inttypes.h
configure:5062: gcc -c -g -O2  conftest.c >&5
configure:5062: $? = 0
configure:5062: result: yes
configure:5062: checking for stdint.h
configure:5062: gcc -c -g -O2  conftest.c >&5
configure:5062: $? = 0
configure:5062: result: yes
configure:5062: checking for unistd.h
configure:5062: gcc -c -g -O2  conftest.c >&5
configure:5062: $? = 0
configure:5062: result: yes
configure:5075: checking for uintptr_t
configure:5075: gcc -c -g -O2  conftest.c >&5
configure:5075: $? = 0
configure:5075: gcc -c -g -O2  conftest.c >&5
conftest.c: In function 'main':
conftest.c:66:24: error: expected expression before ')' token
configure:5075: $? = 1
configure: failed program was:
| /* confdefs.h */
| #define PACKAGE_NAME ""
| #define PACKAGE_TARNAME ""
| #define PACKAGE_VERSION ""
| #define PACKAGE_STRING ""
| #define PACKAGE_BUGREPORT ""
| #define PACKAGE_URL ""
| #define S48_GC_BIBOP 1
| #define BITS_PER_BYTE 8
| #define SIZEOF_VOID_P 4
| #define WORDSIZE 32
| #define _FILE_OFFSET_BITS 64
| #define HAVE_INLINE 1
| #define HAVE_LIBM 1
| #define HAVE_LIBDL 1
| #define HAVE_LIBNSL 1
| #define HAVE_TM_GMTOFF 1
| #define RETSIGTYPE void
| #define STDC_HEADERS 1
| #define HAVE_SYS_TYPES_H 1
| #define HAVE_SYS_STAT_H 1
| #define HAVE_STDLIB_H 1
| #define HAVE_STRING_H 1
| #define HAVE_MEMORY_H 1
| #define HAVE_STRINGS_H 1
| #define HAVE_INTTYPES_H 1
| #define HAVE_STDINT_H 1
| #define HAVE_UNISTD_H 1
| /* end confdefs.h.  */
| #include <stdio.h>
| #ifdef HAVE_SYS_TYPES_H
| # include <sys/types.h>
| #endif
| #ifdef HAVE_SYS_STAT_H
| # include <sys/stat.h>
| #endif
| #ifdef STDC_HEADERS
| # include <stdlib.h>
| # include <stddef.h>
| #else
| # ifdef HAVE_STDLIB_H
| #  include <stdlib.h>
| # endif
| #endif
| #ifdef HAVE_STRING_H
| # if !defined STDC_HEADERS && defined HAVE_MEMORY_H
| #  include <memory.h>
| # endif
| # include <string.h>
| #endif
| #ifdef HAVE_STRINGS_H
| # include <strings.h>
| #endif
| #ifdef HAVE_INTTYPES_H
| # include <inttypes.h>
| #endif
| #ifdef HAVE_STDINT_H
| # include <stdint.h>
| #endif
| #ifdef HAVE_UNISTD_H
| # include <unistd.h>
| #endif
| int
| main ()
| {
| if (sizeof ((uintptr_t)))
| 	    return 0;
|   ;
|   return 0;
| }
configure:5075: result: yes
configure:5111: checking for uint16_t
configure:5111: gcc -c -g -O2  conftest.c >&5
configure:5111: $? = 0
configure:5111: result: yes
configure:5126: checking libgen.h usability
configure:5126: gcc -c -g -O2  conftest.c >&5
configure:5126: $? = 0
configure:5126: result: yes
configure:5126: checking libgen.h presence
configure:5126: gcc -E  conftest.c
configure:5126: $? = 0
configure:5126: result: yes
configure:5126: checking for libgen.h
configure:5126: result: yes
configure:5126: checking sys/timeb.h usability
configure:5126: gcc -c -g -O2  conftest.c >&5
configure:5126: $? = 0
configure:5126: result: yes
configure:5126: checking sys/timeb.h presence
configure:5126: gcc -E  conftest.c
configure:5126: $? = 0
configure:5126: result: yes
configure:5126: checking for sys/timeb.h
configure:5126: result: yes
configure:5126: checking posix/time.h usability
configure:5126: gcc -c -g -O2  conftest.c >&5
conftest.c:66:24: fatal error: posix/time.h: No such file or directory
compilation terminated.
configure:5126: $? = 1
configure: failed program was:
| /* confdefs.h */
| #define PACKAGE_NAME ""
| #define PACKAGE_TARNAME ""
| #define PACKAGE_VERSION ""
| #define PACKAGE_STRING ""
| #define PACKAGE_BUGREPORT ""
| #define PACKAGE_URL ""
| #define S48_GC_BIBOP 1
| #define BITS_PER_BYTE 8
| #define SIZEOF_VOID_P 4
| #define WORDSIZE 32
| #define _FILE_OFFSET_BITS 64
| #define HAVE_INLINE 1
| #define HAVE_LIBM 1
| #define HAVE_LIBDL 1
| #define HAVE_LIBNSL 1
| #define HAVE_TM_GMTOFF 1
| #define RETSIGTYPE void
| #define STDC_HEADERS 1
| #define HAVE_SYS_TYPES_H 1
| #define HAVE_SYS_STAT_H 1
| #define HAVE_STDLIB_H 1
| #define HAVE_STRING_H 1
| #define HAVE_MEMORY_H 1
| #define HAVE_STRINGS_H 1
| #define HAVE_INTTYPES_H 1
| #define HAVE_STDINT_H 1
| #define HAVE_UNISTD_H 1
| #define HAVE_UINTPTR_T 1
| #define HAVE_LIBGEN_H 1
| #define HAVE_SYS_TIMEB_H 1
| /* end confdefs.h.  */
| #include <stdio.h>
| #ifdef HAVE_SYS_TYPES_H
| # include <sys/types.h>
| #endif
| #ifdef HAVE_SYS_STAT_H
| # include <sys/stat.h>
| #endif
| #ifdef STDC_HEADERS
| # include <stdlib.h>
| # include <stddef.h>
| #else
| # ifdef HAVE_STDLIB_H
| #  include <stdlib.h>
| # endif
| #endif
| #ifdef HAVE_STRING_H
| # if !defined STDC_HEADERS && defined HAVE_MEMORY_H
| #  include <memory.h>
| # endif
| # include <string.h>
| #endif
| #ifdef HAVE_STRINGS_H
| # include <strings.h>
| #endif
| #ifdef HAVE_INTTYPES_H
| # include <inttypes.h>
| #endif
| #ifdef HAVE_STDINT_H
| # include <stdint.h>
| #endif
| #ifdef HAVE_UNISTD_H
| # include <unistd.h>
| #endif
| #include <posix/time.h>
configure:5126: result: no
configure:5126: checking posix/time.h presence
configure:5126: gcc -E  conftest.c
conftest.c:33:24: fatal error: posix/time.h: No such file or directory
compilation terminated.
configure:5126: $? = 1
configure: failed program was:
| /* confdefs.h */
| #define PACKAGE_NAME ""
| #define PACKAGE_TARNAME ""
| #define PACKAGE_VERSION ""
| #define PACKAGE_STRING ""
| #define PACKAGE_BUGREPORT ""
| #define PACKAGE_URL ""
| #define S48_GC_BIBOP 1
| #define BITS_PER_BYTE 8
| #define SIZEOF_VOID_P 4
| #define WORDSIZE 32
| #define _FILE_OFFSET_BITS 64
| #define HAVE_INLINE 1
| #define HAVE_LIBM 1
| #define HAVE_LIBDL 1
| #define HAVE_LIBNSL 1
| #define HAVE_TM_GMTOFF 1
| #define RETSIGTYPE void
| #define STDC_HEADERS 1
| #define HAVE_SYS_TYPES_H 1
| #define HAVE_SYS_STAT_H 1
| #define HAVE_STDLIB_H 1
| #define HAVE_STRING_H 1
| #define HAVE_MEMORY_H 1
| #define HAVE_STRINGS_H 1
| #define HAVE_INTTYPES_H 1
| #define HAVE_STDINT_H 1
| #define HAVE_UNISTD_H 1
| #define HAVE_UINTPTR_T 1
| #define HAVE_LIBGEN_H 1
| #define HAVE_SYS_TIMEB_H 1
| /* end confdefs.h.  */
| #include <posix/time.h>
configure:5126: result: no
configure:5126: checking for posix/time.h
configure:5126: result: no
configure:5138: checking sys/select.h usability
configure:5138: gcc -c -g -O2  conftest.c >&5
configure:5138: $? = 0
configure:5138: result: yes
configure:5138: checking sys/select.h presence
configure:5138: gcc -E  conftest.c
configure:5138: $? = 0
configure:5138: result: yes
configure:5138: checking for sys/select.h
configure:5138: result: yes
configure:5150: checking sysexits.h usability
configure:5150: gcc -c -g -O2  conftest.c >&5
configure:5150: $? = 0
configure:5150: result: yes
configure:5150: checking sysexits.h presence
configure:5150: gcc -E  conftest.c
configure:5150: $? = 0
configure:5150: result: yes
configure:5150: checking for sysexits.h
configure:5150: result: yes
configure:5162: checking langinfo.h usability
configure:5162: gcc -c -g -O2  conftest.c >&5
configure:5162: $? = 0
configure:5162: result: yes
configure:5162: checking langinfo.h presence
configure:5162: gcc -E  conftest.c
configure:5162: $? = 0
configure:5162: result: yes
configure:5162: checking for langinfo.h
configure:5162: result: yes
configure:5172: checking for nl_langinfo
configure:5172: gcc -o conftest -g -O2   -rdynamic conftest.c -lnsl -ldl -lm  >&5
configure:5172: $? = 0
configure:5172: result: yes
configure:5187: checking for gettimeofday
configure:5187: gcc -o conftest -g -O2   -rdynamic conftest.c -lnsl -ldl -lm  >&5
configure:5187: $? = 0
configure:5187: result: yes
configure:5187: checking for ftime
configure:5187: gcc -o conftest -g -O2   -rdynamic conftest.c -lnsl -ldl -lm  >&5
configure:5187: $? = 0
configure:5187: result: yes
configure:5187: checking for select
configure:5187: gcc -o conftest -g -O2   -rdynamic conftest.c -lnsl -ldl -lm  >&5
configure:5187: $? = 0
configure:5187: result: yes
configure:5187: checking for setitimer
configure:5187: gcc -o conftest -g -O2   -rdynamic conftest.c -lnsl -ldl -lm  >&5
configure:5187: $? = 0
configure:5187: result: yes
configure:5187: checking for sigaction
configure:5187: gcc -o conftest -g -O2   -rdynamic conftest.c -lnsl -ldl -lm  >&5
configure:5187: $? = 0
configure:5187: result: yes
configure:5187: checking for execvpe
configure:5187: gcc -o conftest -g -O2   -rdynamic conftest.c -lnsl -ldl -lm  >&5
configure:5187: $? = 0
configure:5187: result: yes
configure:5198: checking poll.h usability
configure:5198: gcc -c -g -O2  conftest.c >&5
configure:5198: $? = 0
configure:5198: result: yes
configure:5198: checking poll.h presence
configure:5198: gcc -E  conftest.c
configure:5198: $? = 0
configure:5198: result: yes
configure:5198: checking for poll.h
configure:5198: result: yes
configure:5210: checking for poll
configure:5210: gcc -o conftest -g -O2   -rdynamic conftest.c -lnsl -ldl -lm  >&5
configure:5210: $? = 0
configure:5210: result: yes
configure:5268: checking for pkg-config
configure:5286: found /usr/bin/pkg-config
configure:5298: result: /usr/bin/pkg-config
configure:5323: checking pkg-config is at least version 0.9.0
configure:5326: result: yes
configure:5442: checking for dlopen
configure:5442: gcc -o conftest -g -O2   -rdynamic conftest.c -lnsl -ldl -lm  >&5
configure:5442: $? = 0
configure:5442: result: yes
configure:5454: checking for socket
configure:5454: gcc -o conftest -g -O2   -rdynamic conftest.c -lnsl -ldl -lm  >&5
configure:5454: $? = 0
configure:5454: result: yes
configure:5454: checking for chroot
configure:5454: gcc -o conftest -g -O2   -rdynamic conftest.c -lnsl -ldl -lm  >&5
configure:5454: $? = 0
configure:5454: result: yes
configure:5463: checking for strerror
configure:5463: gcc -o conftest -g -O2   -rdynamic conftest.c -lnsl -ldl -lm  >&5
configure:5463: $? = 0
configure:5463: result: yes
configure:5477: checking environ
configure:5494: gcc -o conftest -g -O2   -rdynamic conftest.c -lnsl -ldl -lm  >&5
configure:5494: $? = 0
configure:5497: result: using environ
configure:5536: checking IEEE floating-point endianness
configure:5576: gcc -o conftest -g -O2   -rdynamic conftest.c -lnsl -ldl -lm  >&5
configure:5576: $? = 0
configure:5576: ./conftest
configure:5576: $? = 0
configure:5585: result: least first
configure:5594: checking native-code compiler support
configure:5650: result: no
configure:5664: checking for ld
configure:5680: found /usr/bin/ld
configure:5691: result: ld
configure:5702: checking compile and link flags for dynamic externals
configure:5744: result: -fPIC, -shared  -rdynamic
configure:5749: checking pthread.h usability
configure:5749: gcc -c -g -O2  conftest.c >&5
configure:5749: $? = 0
configure:5749: result: yes
configure:5749: checking pthread.h presence
configure:5749: gcc -E  conftest.c
configure:5749: $? = 0
configure:5749: result: yes
configure:5749: checking for pthread.h
configure:5749: result: yes
configure:5755: checking Pthreads support
configure:5778: gcc -o conftest -g -O2 -pthread   -rdynamic conftest.c -lnsl -ldl -lm  >&5
configure:5778: $? = 0
configure:5778: ./conftest
configure:5778: $? = 0
configure:5805: gcc -o conftest -g -O2 -pthread   -rdynamic -pthread conftest.c -lnsl -ldl -lm  >&5
configure:5805: $? = 0
configure:5805: ./conftest
configure:5805: $? = 0
configure:5816: result: -pthread (compile) -pthread (link)
configure:6084: checking -munaligned-doubles
configure:6097: gcc -o conftest -g -O2 -pthread -munaligned-doubles   -rdynamic -pthread conftest.c -lnsl -ldl -lm  >&5
gcc: error: unrecognized command line option '-munaligned-doubles'
configure:6097: $? = 1
configure: program exited with status 1
configure: failed program was:
| /* confdefs.h */
| #define PACKAGE_NAME ""
| #define PACKAGE_TARNAME ""
| #define PACKAGE_VERSION ""
| #define PACKAGE_STRING ""
| #define PACKAGE_BUGREPORT ""
| #define PACKAGE_URL ""
| #define S48_GC_BIBOP 1
| #define BITS_PER_BYTE 8
| #define SIZEOF_VOID_P 4
| #define WORDSIZE 32
| #define _FILE_OFFSET_BITS 64
| #define HAVE_INLINE 1
| #define HAVE_LIBM 1
| #define HAVE_LIBDL 1
| #define HAVE_LIBNSL 1
| #define HAVE_TM_GMTOFF 1
| #define RETSIGTYPE void
| #define STDC_HEADERS 1
| #define HAVE_SYS_TYPES_H 1
| #define HAVE_SYS_STAT_H 1
| #define HAVE_STDLIB_H 1
| #define HAVE_STRING_H 1
| #define HAVE_MEMORY_H 1
| #define HAVE_STRINGS_H 1
| #define HAVE_INTTYPES_H 1
| #define HAVE_STDINT_H 1
| #define HAVE_UNISTD_H 1
| #define HAVE_UINTPTR_T 1
| #define HAVE_LIBGEN_H 1
| #define HAVE_SYS_TIMEB_H 1
| #define HAVE_SYS_SELECT_H 1
| #define HAVE_SYSEXITS_H 1
| #define HAVE_LANGINFO_H 1
| #define HAVE_GETTIMEOFDAY 1
| #define HAVE_FTIME 1
| #define HAVE_SELECT 1
| #define HAVE_SETITIMER 1
| #define HAVE_SIGACTION 1
| #define HAVE_EXECVPE 1
| #define HAVE_POLL_H 1
| #define HAVE_POLL 1
| #define HAVE_DLOPEN 1
| #define HAVE_SOCKET 1
| #define HAVE_CHROOT 1
| #define HAVE_STRERROR 1
| #define ENVIRON_NAME environ
| #define HAVE_PTHREAD_H 1
| /* end confdefs.h.  */
| int main() { return 0;}
configure:6102: result: no
configure:6243: creating ./config.status

## ---------------------- ##
## Running config.status. ##
## ---------------------- ##

This file was extended by config.status, which was
generated by GNU Autoconf 2.69.  Invocation command line was

  CONFIG_FILES    = 
  CONFIG_HEADERS  = 
  CONFIG_LINKS    = 
  CONFIG_COMMANDS = 
  $ ./config.status 

on yellowcouch.org

config.status:857: creating Makefile
config.status:857: creating c/sysdep.h
config.status:1032: c/sysdep.h is unchanged
config.status:857: creating c/scheme48arch.h
config.status:1032: c/scheme48arch.h is unchanged

## ---------------- ##
## Cache variables. ##
## ---------------- ##

ac_cv_bits_per_byte=8
ac_cv_build=i686-pc-linux-gnu
ac_cv_c_compiler_gnu=yes
ac_cv_c_const=yes
ac_cv_c_uint16_t=yes
ac_cv_env_CC_set=
ac_cv_env_CC_value=
ac_cv_env_CFLAGS_set=
ac_cv_env_CFLAGS_value=
ac_cv_env_CPPFLAGS_set=
ac_cv_env_CPPFLAGS_value=
ac_cv_env_CPP_set=
ac_cv_env_CPP_value=
ac_cv_env_GLIB_CFLAGS_set=
ac_cv_env_GLIB_CFLAGS_value=
ac_cv_env_GLIB_LIBS_set=
ac_cv_env_GLIB_LIBS_value=
ac_cv_env_LDFLAGS_set=
ac_cv_env_LDFLAGS_value=
ac_cv_env_LIBS_set=
ac_cv_env_LIBS_value=
ac_cv_env_PKG_CONFIG_set=
ac_cv_env_PKG_CONFIG_value=
ac_cv_env_build_alias_set=
ac_cv_env_build_alias_value=
ac_cv_env_host_alias_set=
ac_cv_env_host_alias_value=
ac_cv_env_target_alias_set=
ac_cv_env_target_alias_value=
ac_cv_func_chroot=yes
ac_cv_func_dlopen=yes
ac_cv_func_execvpe=yes
ac_cv_func_ftime=yes
ac_cv_func_gettimeofday=yes
ac_cv_func_nl_langinfo=yes
ac_cv_func_poll=yes
ac_cv_func_select=yes
ac_cv_func_setitimer=yes
ac_cv_func_sigaction=yes
ac_cv_func_socket=yes
ac_cv_func_strerror=yes
ac_cv_header_inttypes_h=yes
ac_cv_header_langinfo_h=yes
ac_cv_header_libgen_h=yes
ac_cv_header_memory_h=yes
ac_cv_header_poll_h=yes
ac_cv_header_posix_time_h=no
ac_cv_header_pthread_h=yes
ac_cv_header_stdc=yes
ac_cv_header_stdint_h=yes
ac_cv_header_stdlib_h=yes
ac_cv_header_string_h=yes
ac_cv_header_strings_h=yes
ac_cv_header_sys_select_h=yes
ac_cv_header_sys_stat_h=yes
ac_cv_header_sys_timeb_h=yes
ac_cv_header_sys_types_h=yes
ac_cv_header_sysexits_h=yes
ac_cv_header_unistd_h=yes
ac_cv_host=i686-pc-linux-gnu
ac_cv_lib_dl_main=yes
ac_cv_lib_gen_main=no
ac_cv_lib_m_main=yes
ac_cv_lib_mld_main=no
ac_cv_lib_nsl_main=yes
ac_cv_lib_socket_main=no
ac_cv_lib_sun_getpwnam=no
ac_cv_member_struct_tm_tm_gmtoff=yes
ac_cv_objext=o
ac_cv_path_EGREP='/bin/grep -E'
ac_cv_path_GREP=/bin/grep
ac_cv_path_ac_pt_PKG_CONFIG=/usr/bin/pkg-config
ac_cv_path_install='/usr/bin/install -c'
ac_cv_prog_CPP='gcc -E'
ac_cv_prog_LD=ld
ac_cv_prog_ac_ct_CC=gcc
ac_cv_prog_cc_c89=
ac_cv_prog_cc_g=yes
ac_cv_search_strerror='none required'
ac_cv_sizeof_void_p=4
ac_cv_sys_file_offset_bits=64
ac_cv_sys_largefile_CC=no
ac_cv_type_signal=void
ac_cv_type_uintptr_t=yes

## ----------------- ##
## Output variables. ##
## ----------------- ##

ADDITIONAL_EXTERNALS=''
ADDITIONAL_EXTERNAL_OBJS=''
ASM_OBJECTS='${FAKE_ASM_OBJECTS}'
ASM_STYLE=''
BIT_SUFFIX='32'
CC='gcc'
CFLAGS='-g -O2 -pthread'
CPP='gcc -E'
CPPFLAGS=''
DEFS='-DHAVE_CONFIG_H'
DYNAMIC_EXTERNALS_CFLAGS='-fPIC'
DYNAMIC_EXTERNALS_LDFLAGS='-shared  -rdynamic'
DYNAMIC_EXTERNALS_LDFLAGS_IN_PLACE='-shared  -rdynamic'
ECHO_C=''
ECHO_N='-n'
ECHO_T=''
EGREP='/bin/grep -E'
EXEEXT=''
GC_OBJS='${GC_BIBOP_OBJS}'
GLIB_CFLAGS=''
GLIB_LIBS=''
GREP='/bin/grep'
INSTALL_DATA='${INSTALL} -m 644'
INSTALL_PROGRAM='${INSTALL}'
INSTALL_SCRIPT='${INSTALL}'
LD='gcc'
LDFLAGS=' -rdynamic -pthread'
LDFLAGS_VM=''
LIBOBJS=''
LIBS='-lnsl -ldl -lm '
LTLIBOBJS=''
OBJEXT='o'
PACKAGE_BUGREPORT=''
PACKAGE_NAME=''
PACKAGE_STRING=''
PACKAGE_TARNAME=''
PACKAGE_URL=''
PACKAGE_VERSION=''
PATH_SEPARATOR=':'
PKG_CONFIG='/usr/bin/pkg-config'
S48_GC_BIBOP=''
S48_GC_TWOSPACE=''
SHELL='/bin/bash'
ac_ct_CC='gcc'
bindir='${exec_prefix}/bin'
build='i686-pc-linux-gnu'
build_alias=''
build_cpu='i686'
build_os='linux-gnu'
build_vendor='pc'
datadir='${datarootdir}'
datarootdir='${prefix}/share'
docdir='${datarootdir}/doc/${PACKAGE}'
dvidir='${docdir}'
exec_prefix='${prefix}'
host='i686-pc-linux-gnu'
host_alias=''
host_cpu='i686'
host_os='linux-gnu'
host_vendor='pc'
htmldir='${docdir}'
includedir='${prefix}/include'
infodir='${datarootdir}/info'
libdir='${exec_prefix}/lib'
libexecdir='${exec_prefix}/libexec'
localedir='${datarootdir}/locale'
localstatedir='${prefix}/var'
mandir='${datarootdir}/man'
oldincludedir='/usr/include'
pdfdir='${docdir}'
prefix='/home/johan/silverhawk-scheme'
program_transform_name='s,x,x,'
psdir='${docdir}'
sbindir='${exec_prefix}/sbin'
sharedstatedir='${prefix}/com'
sysconfdir='${prefix}/etc'
target_alias=''

## ----------- ##
## confdefs.h. ##
## ----------- ##

/* confdefs.h */
#define PACKAGE_NAME ""
#define PACKAGE_TARNAME ""
#define PACKAGE_VERSION ""
#define PACKAGE_STRING ""
#define PACKAGE_BUGREPORT ""
#define PACKAGE_URL ""
#define S48_GC_BIBOP 1
#define BITS_PER_BYTE 8
#define SIZEOF_VOID_P 4
#define WORDSIZE 32
#define _FILE_OFFSET_BITS 64
#define HAVE_INLINE 1
#define HAVE_LIBM 1
#define HAVE_LIBDL 1
#define HAVE_LIBNSL 1
#define HAVE_TM_GMTOFF 1
#define RETSIGTYPE void
#define STDC_HEADERS 1
#define HAVE_SYS_TYPES_H 1
#define HAVE_SYS_STAT_H 1
#define HAVE_STDLIB_H 1
#define HAVE_STRING_H 1
#define HAVE_MEMORY_H 1
#define HAVE_STRINGS_H 1
#define HAVE_INTTYPES_H 1
#define HAVE_STDINT_H 1
#define HAVE_UNISTD_H 1
#define HAVE_UINTPTR_T 1
#define HAVE_LIBGEN_H 1
#define HAVE_SYS_TIMEB_H 1
#define HAVE_SYS_SELECT_H 1
#define HAVE_SYSEXITS_H 1
#define HAVE_LANGINFO_H 1
#define HAVE_GETTIMEOFDAY 1
#define HAVE_FTIME 1
#define HAVE_SELECT 1
#define HAVE_SETITIMER 1
#define HAVE_SIGACTION 1
#define HAVE_EXECVPE 1
#define HAVE_POLL_H 1
#define HAVE_POLL 1
#define HAVE_DLOPEN 1
#define HAVE_SOCKET 1
#define HAVE_CHROOT 1
#define HAVE_STRERROR 1
#define ENVIRON_NAME environ
#define HAVE_PTHREAD_H 1

configure: exit 0
